2024-07-24 16:34:27 INFO: param_list: [<tvm.nd.NDArray shape=(76, 46, 98), cpu(0)>
array([[[0.37454012, 0.9507143 , 0.7319939 , ..., 0.4937956 ,
         0.52273285, 0.42754102],
        [0.02541913, 0.10789143, 0.03142919, ..., 0.63310146,
         0.3390298 , 0.34920958],
        [0.72595567, 0.8971103 , 0.88708645, ..., 0.03734819,
         0.82260054, 0.36019063],
        ...,
        [0.63777417, 0.8200675 , 0.04157896, ..., 0.78346956,
         0.27706924, 0.9408802 ],
        [0.12434584, 0.87513363, 0.97094023, ..., 0.14255655,
         0.38213947, 0.5547318 ],
        [0.07675806, 0.00418744, 0.67043436, ..., 0.285626  ,
         0.7346083 , 0.02394626]],

       [[0.58482784, 0.94147426, 0.17440927, ..., 0.3702322 ,
         0.75127894, 0.8969953 ],
        [0.84612423, 0.18281339, 0.95629185, ..., 0.07336406,
         0.66314626, 0.59536636],
        [0.41514567, 0.42219225, 0.7850639 , ..., 0.63490665,
         0.12384602, 0.07053564],
        ...,
        [0.22006625, 0.38853115, 0.86572725, ..., 0.35724196,
         0.57705337, 0.3422656 ],
        [0.08387374, 0.992804  , 0.12718245, ..., 0.48289445,
         0.5140807 , 0.8291818 ],
        [0.44378358, 0.57085305, 0.52707094, ..., 0.05227637,
         0.25345713, 0.07424686]],

       [[0.10377471, 0.8129284 , 0.0388737 , ..., 0.5277722 ,
         0.54002917, 0.46103358],
        [0.32589015, 0.47565502, 0.6028075 , ..., 0.58301866,
         0.9089177 , 0.94199145],
        [0.06431922, 0.40237054, 0.02345902, ..., 0.7317761 ,
         0.164734  , 0.35135594],
        ...,
        [0.0466359 , 0.43234774, 0.82744575, ..., 0.05057557,
         0.49330023, 0.2959926 ],
        [0.32618505, 0.9609174 , 0.18269481, ..., 0.6899912 ,
         0.86975926, 0.79691154],
        [0.34649506, 0.77439857, 0.2624563 , ..., 0.24336971,
         0.12918392, 0.85741484]],

       ...,

       [[0.25177336, 0.06745737, 0.397463  , ..., 0.53902745,
         0.8846628 , 0.77641225],
        [0.20202622, 0.7055139 , 0.8628234 , ..., 0.60255504,
         0.03368128, 0.52469236],
        [0.33141175, 0.7531062 , 0.5624755 , ..., 0.75647646,
         0.76311934, 0.8986525 ],
        ...,
        [0.1766637 , 0.3459674 , 0.80906755, ..., 0.715959  ,
         0.5548355 , 0.54500043],
        [0.5146797 , 0.9491424 , 0.5433948 , ..., 0.38778424,
         0.20409429, 0.6509062 ],
        [0.769508  , 0.6052264 , 0.35996225, ..., 0.4200337 ,
         0.722864  , 0.2130731 ]],

       [[0.42462668, 0.18404858, 0.46755877, ..., 0.3270606 ,
         0.99732256, 0.29563162],
        [0.07370541, 0.00764406, 0.35818163, ..., 0.7996056 ,
         0.15586913, 0.6590963 ],
        [0.8752608 , 0.9201102 , 0.07291849, ..., 0.83310026,
         0.5097836 , 0.19852193],
        ...,
        [0.16347504, 0.86247605, 0.9166611 , ..., 0.5776453 ,
         0.7459354 , 0.33572775],
        [0.07895182, 0.7974415 , 0.08807418, ..., 0.7800585 ,
         0.5198844 , 0.1522597 ],
        [0.9124903 , 0.6802686 , 0.09664081, ..., 0.01901102,
         0.42458203, 0.52973706]],

       [[0.4919345 , 0.31228372, 0.93951005, ..., 0.8591114 ,
         0.69631445, 0.5673733 ],
        [0.03900038, 0.5598539 , 0.5331851 , ..., 0.01218178,
         0.8646529 , 0.4339177 ],
        [0.71399194, 0.29079092, 0.43509695, ..., 0.5455547 ,
         0.63318723, 0.08262166],
        ...,
        [0.42048964, 0.3927742 , 0.87279695, ..., 0.85524225,
         0.18174991, 0.48141646],
        [0.51513076, 0.47859094, 0.7225554 , ..., 0.62070125,
         0.4812357 , 0.71070373],
        [0.46919844, 0.7626937 , 0.19498847, ..., 0.80527216,
         0.25273007, 0.32375538]]], dtype=float32), <tvm.nd.NDArray shape=(76, 46, 98), cpu(0)>
array([[[0.8161912 , 0.929183  , 0.93362767, ..., 0.24427825,
         0.00591972, 0.36643764],
        [0.28454673, 0.3951697 , 0.23032136, ..., 0.17136642,
         0.53374195, 0.3075777 ],
        [0.46209377, 0.10100694, 0.37096244, ..., 0.9922738 ,
         0.7904521 , 0.9491952 ],
        ...,
        [0.98504454, 0.07308219, 0.895812  , ..., 0.94670266,
         0.91734475, 0.45286533],
        [0.48151356, 0.14527695, 0.99006397, ..., 0.3264985 ,
         0.46371964, 0.01978372],
        [0.3251544 , 0.24692647, 0.8428416 , ..., 0.24903993,
         0.241775  , 0.3058518 ]],

       [[0.27266887, 0.26235712, 0.8439544 , ..., 0.36608922,
         0.7291293 , 0.6626033 ],
        [0.5163707 , 0.10676266, 0.05006217, ..., 0.7408753 ,
         0.13344762, 0.77568984],
        [0.29180425, 0.25423682, 0.49948692, ..., 0.8082836 ,
         0.07841487, 0.60020906],
        ...,
        [0.19277184, 0.38774133, 0.9214955 , ..., 0.5414916 ,
         0.41092983, 0.8288902 ],
        [0.8599523 , 0.94072604, 0.45395184, ..., 0.42006195,
         0.24777874, 0.2714866 ],
        [0.6404382 , 0.8917889 , 0.65775704, ..., 0.4508316 ,
         0.852501  , 0.36190435]],

       [[0.40293258, 0.31872365, 0.18363948, ..., 0.14604431,
         0.85126084, 0.21190678],
        [0.67385507, 0.42731968, 0.50903404, ..., 0.43197682,
         0.37175927, 0.20687498],
        [0.7286581 , 0.64278364, 0.31675497, ..., 0.851817  ,
         0.76815015, 0.8710125 ],
        ...,
        [0.1907199 , 0.31236097, 0.06743154, ..., 0.5797684 ,
         0.5308115 , 0.27119863],
        [0.44050032, 0.9669685 , 0.6152422 , ..., 0.07467774,
         0.93594545, 0.5379632 ],
        [0.5182046 , 0.92744344, 0.5059981 , ..., 0.8279407 ,
         0.7139679 , 0.29936412]],

       ...,

       [[0.43059644, 0.257401  , 0.03652644, ..., 0.80152893,
         0.5252209 , 0.02999163],
        [0.4678033 , 0.78359354, 0.13646361, ..., 0.15917462,
         0.44768482, 0.8930465 ],
        [0.7626912 , 0.46929738, 0.3894973 , ..., 0.33175424,
         0.16044262, 0.3481249 ],
        ...,
        [0.74363464, 0.52326035, 0.08263495, ..., 0.89605063,
         0.51309204, 0.8019404 ],
        [0.6649858 , 0.5605616 , 0.80705094, ..., 0.30304185,
         0.37300748, 0.9996839 ],
        [0.7710725 , 0.20197356, 0.18804756, ..., 0.27790657,
         0.07206523, 0.2418118 ]],

       [[0.47934976, 0.94086045, 0.18560109, ..., 0.92373455,
         0.1271131 , 0.3580543 ],
        [0.00205238, 0.86769015, 0.176789  , ..., 0.18268886,
         0.9226224 , 0.3929016 ],
        [0.9411539 , 0.45866823, 0.8997678 , ..., 0.05778622,
         0.6628487 , 0.7377597 ],
        ...,
        [0.6493182 , 0.4020672 , 0.7844334 , ..., 0.7755243 ,
         0.04967362, 0.89387107],
        [0.20933115, 0.4080948 , 0.47549978, ..., 0.47435355,
         0.7819461 , 0.78643525],
        [0.40704212, 0.3595376 , 0.60428053, ..., 0.74445724,
         0.35157478, 0.66126925]],

       [[0.06792201, 0.8103464 , 0.77968395, ..., 0.5465982 ,
         0.42914227, 0.66018337],
        [0.8654257 , 0.23362055, 0.5327844 , ..., 0.21298987,
         0.92645884, 0.05780168],
        [0.6162591 , 0.49376023, 0.5340274 , ..., 0.41712162,
         0.5677711 , 0.40968943],
        ...,
        [0.00779548, 0.6515066 , 0.98230916, ..., 0.16767284,
         0.943126  , 0.28574708],
        [0.13552912, 0.60746557, 0.4865102 , ..., 0.67174256,
         0.44667447, 0.3584564 ],
        [0.5442415 , 0.26502472, 0.67183185, ..., 0.78498924,
         0.8875907 , 0.27357826]]], dtype=float32), <tvm.nd.NDArray shape=(76, 46, 98), cpu(0)>
array([[[0., 0., 0., ..., 0., 0., 0.],
        [0., 0., 0., ..., 0., 0., 0.],
        [0., 0., 0., ..., 0., 0., 0.],
        ...,
        [0., 0., 0., ..., 0., 0., 0.],
        [0., 0., 0., ..., 0., 0., 0.],
        [0., 0., 0., ..., 0., 0., 0.]],

       [[0., 0., 0., ..., 0., 0., 0.],
        [0., 0., 0., ..., 0., 0., 0.],
        [0., 0., 0., ..., 0., 0., 0.],
        ...,
        [0., 0., 0., ..., 0., 0., 0.],
        [0., 0., 0., ..., 0., 0., 0.],
        [0., 0., 0., ..., 0., 0., 0.]],

       [[0., 0., 0., ..., 0., 0., 0.],
        [0., 0., 0., ..., 0., 0., 0.],
        [0., 0., 0., ..., 0., 0., 0.],
        ...,
        [0., 0., 0., ..., 0., 0., 0.],
        [0., 0., 0., ..., 0., 0., 0.],
        [0., 0., 0., ..., 0., 0., 0.]],

       ...,

       [[0., 0., 0., ..., 0., 0., 0.],
        [0., 0., 0., ..., 0., 0., 0.],
        [0., 0., 0., ..., 0., 0., 0.],
        ...,
        [0., 0., 0., ..., 0., 0., 0.],
        [0., 0., 0., ..., 0., 0., 0.],
        [0., 0., 0., ..., 0., 0., 0.]],

       [[0., 0., 0., ..., 0., 0., 0.],
        [0., 0., 0., ..., 0., 0., 0.],
        [0., 0., 0., ..., 0., 0., 0.],
        ...,
        [0., 0., 0., ..., 0., 0., 0.],
        [0., 0., 0., ..., 0., 0., 0.],
        [0., 0., 0., ..., 0., 0., 0.]],

       [[0., 0., 0., ..., 0., 0., 0.],
        [0., 0., 0., ..., 0., 0., 0.],
        [0., 0., 0., ..., 0., 0., 0.],
        ...,
        [0., 0., 0., ..., 0., 0., 0.],
        [0., 0., 0., ..., 0., 0., 0.],
        [0., 0., 0., ..., 0., 0., 0.]]], dtype=float32), <tvm.nd.NDArray shape=(76, 46, 98), cpu(0)>
array([[[0., 0., 0., ..., 0., 0., 0.],
        [0., 0., 0., ..., 0., 0., 0.],
        [0., 0., 0., ..., 0., 0., 0.],
        ...,
        [0., 0., 0., ..., 0., 0., 0.],
        [0., 0., 0., ..., 0., 0., 0.],
        [0., 0., 0., ..., 0., 0., 0.]],

       [[0., 0., 0., ..., 0., 0., 0.],
        [0., 0., 0., ..., 0., 0., 0.],
        [0., 0., 0., ..., 0., 0., 0.],
        ...,
        [0., 0., 0., ..., 0., 0., 0.],
        [0., 0., 0., ..., 0., 0., 0.],
        [0., 0., 0., ..., 0., 0., 0.]],

       [[0., 0., 0., ..., 0., 0., 0.],
        [0., 0., 0., ..., 0., 0., 0.],
        [0., 0., 0., ..., 0., 0., 0.],
        ...,
        [0., 0., 0., ..., 0., 0., 0.],
        [0., 0., 0., ..., 0., 0., 0.],
        [0., 0., 0., ..., 0., 0., 0.]],

       ...,

       [[0., 0., 0., ..., 0., 0., 0.],
        [0., 0., 0., ..., 0., 0., 0.],
        [0., 0., 0., ..., 0., 0., 0.],
        ...,
        [0., 0., 0., ..., 0., 0., 0.],
        [0., 0., 0., ..., 0., 0., 0.],
        [0., 0., 0., ..., 0., 0., 0.]],

       [[0., 0., 0., ..., 0., 0., 0.],
        [0., 0., 0., ..., 0., 0., 0.],
        [0., 0., 0., ..., 0., 0., 0.],
        ...,
        [0., 0., 0., ..., 0., 0., 0.],
        [0., 0., 0., ..., 0., 0., 0.],
        [0., 0., 0., ..., 0., 0., 0.]],

       [[0., 0., 0., ..., 0., 0., 0.],
        [0., 0., 0., ..., 0., 0., 0.],
        [0., 0., 0., ..., 0., 0., 0.],
        ...,
        [0., 0., 0., ..., 0., 0., 0.],
        [0., 0., 0., ..., 0., 0., 0.],
        [0., 0., 0., ..., 0., 0., 0.]]], dtype=float32), <tvm.nd.NDArray shape=(76, 46, 98), cpu(0)>
array([[[0., 0., 0., ..., 0., 0., 0.],
        [0., 0., 0., ..., 0., 0., 0.],
        [0., 0., 0., ..., 0., 0., 0.],
        ...,
        [0., 0., 0., ..., 0., 0., 0.],
        [0., 0., 0., ..., 0., 0., 0.],
        [0., 0., 0., ..., 0., 0., 0.]],

       [[0., 0., 0., ..., 0., 0., 0.],
        [0., 0., 0., ..., 0., 0., 0.],
        [0., 0., 0., ..., 0., 0., 0.],
        ...,
        [0., 0., 0., ..., 0., 0., 0.],
        [0., 0., 0., ..., 0., 0., 0.],
        [0., 0., 0., ..., 0., 0., 0.]],

       [[0., 0., 0., ..., 0., 0., 0.],
        [0., 0., 0., ..., 0., 0., 0.],
        [0., 0., 0., ..., 0., 0., 0.],
        ...,
        [0., 0., 0., ..., 0., 0., 0.],
        [0., 0., 0., ..., 0., 0., 0.],
        [0., 0., 0., ..., 0., 0., 0.]],

       ...,

       [[0., 0., 0., ..., 0., 0., 0.],
        [0., 0., 0., ..., 0., 0., 0.],
        [0., 0., 0., ..., 0., 0., 0.],
        ...,
        [0., 0., 0., ..., 0., 0., 0.],
        [0., 0., 0., ..., 0., 0., 0.],
        [0., 0., 0., ..., 0., 0., 0.]],

       [[0., 0., 0., ..., 0., 0., 0.],
        [0., 0., 0., ..., 0., 0., 0.],
        [0., 0., 0., ..., 0., 0., 0.],
        ...,
        [0., 0., 0., ..., 0., 0., 0.],
        [0., 0., 0., ..., 0., 0., 0.],
        [0., 0., 0., ..., 0., 0., 0.]],

       [[0., 0., 0., ..., 0., 0., 0.],
        [0., 0., 0., ..., 0., 0., 0.],
        [0., 0., 0., ..., 0., 0., 0.],
        ...,
        [0., 0., 0., ..., 0., 0., 0.],
        [0., 0., 0., ..., 0., 0., 0.],
        [0., 0., 0., ..., 0., 0., 0.]]], dtype=float32), <tvm.nd.NDArray shape=(76, 46, 98), cpu(0)>
array([[[0., 0., 0., ..., 0., 0., 0.],
        [0., 0., 0., ..., 0., 0., 0.],
        [0., 0., 0., ..., 0., 0., 0.],
        ...,
        [0., 0., 0., ..., 0., 0., 0.],
        [0., 0., 0., ..., 0., 0., 0.],
        [0., 0., 0., ..., 0., 0., 0.]],

       [[0., 0., 0., ..., 0., 0., 0.],
        [0., 0., 0., ..., 0., 0., 0.],
        [0., 0., 0., ..., 0., 0., 0.],
        ...,
        [0., 0., 0., ..., 0., 0., 0.],
        [0., 0., 0., ..., 0., 0., 0.],
        [0., 0., 0., ..., 0., 0., 0.]],

       [[0., 0., 0., ..., 0., 0., 0.],
        [0., 0., 0., ..., 0., 0., 0.],
        [0., 0., 0., ..., 0., 0., 0.],
        ...,
        [0., 0., 0., ..., 0., 0., 0.],
        [0., 0., 0., ..., 0., 0., 0.],
        [0., 0., 0., ..., 0., 0., 0.]],

       ...,

       [[0., 0., 0., ..., 0., 0., 0.],
        [0., 0., 0., ..., 0., 0., 0.],
        [0., 0., 0., ..., 0., 0., 0.],
        ...,
        [0., 0., 0., ..., 0., 0., 0.],
        [0., 0., 0., ..., 0., 0., 0.],
        [0., 0., 0., ..., 0., 0., 0.]],

       [[0., 0., 0., ..., 0., 0., 0.],
        [0., 0., 0., ..., 0., 0., 0.],
        [0., 0., 0., ..., 0., 0., 0.],
        ...,
        [0., 0., 0., ..., 0., 0., 0.],
        [0., 0., 0., ..., 0., 0., 0.],
        [0., 0., 0., ..., 0., 0., 0.]],

       [[0., 0., 0., ..., 0., 0., 0.],
        [0., 0., 0., ..., 0., 0., 0.],
        [0., 0., 0., ..., 0., 0., 0.],
        ...,
        [0., 0., 0., ..., 0., 0., 0.],
        [0., 0., 0., ..., 0., 0., 0.],
        [0., 0., 0., ..., 0., 0., 0.]]], dtype=float32)]
2024-07-24 16:34:27 INFO: param_list(exe): [<tvm.nd.NDArray shape=(76, 46, 98), cpu(0)>
array([[[0.37454012, 0.9507143 , 0.7319939 , ..., 0.4937956 ,
         0.52273285, 0.42754102],
        [0.02541913, 0.10789143, 0.03142919, ..., 0.63310146,
         0.3390298 , 0.34920958],
        [0.72595567, 0.8971103 , 0.88708645, ..., 0.03734819,
         0.82260054, 0.36019063],
        ...,
        [0.63777417, 0.8200675 , 0.04157896, ..., 0.78346956,
         0.27706924, 0.9408802 ],
        [0.12434584, 0.87513363, 0.97094023, ..., 0.14255655,
         0.38213947, 0.5547318 ],
        [0.07675806, 0.00418744, 0.67043436, ..., 0.285626  ,
         0.7346083 , 0.02394626]],

       [[0.58482784, 0.94147426, 0.17440927, ..., 0.3702322 ,
         0.75127894, 0.8969953 ],
        [0.84612423, 0.18281339, 0.95629185, ..., 0.07336406,
         0.66314626, 0.59536636],
        [0.41514567, 0.42219225, 0.7850639 , ..., 0.63490665,
         0.12384602, 0.07053564],
        ...,
        [0.22006625, 0.38853115, 0.86572725, ..., 0.35724196,
         0.57705337, 0.3422656 ],
        [0.08387374, 0.992804  , 0.12718245, ..., 0.48289445,
         0.5140807 , 0.8291818 ],
        [0.44378358, 0.57085305, 0.52707094, ..., 0.05227637,
         0.25345713, 0.07424686]],

       [[0.10377471, 0.8129284 , 0.0388737 , ..., 0.5277722 ,
         0.54002917, 0.46103358],
        [0.32589015, 0.47565502, 0.6028075 , ..., 0.58301866,
         0.9089177 , 0.94199145],
        [0.06431922, 0.40237054, 0.02345902, ..., 0.7317761 ,
         0.164734  , 0.35135594],
        ...,
        [0.0466359 , 0.43234774, 0.82744575, ..., 0.05057557,
         0.49330023, 0.2959926 ],
        [0.32618505, 0.9609174 , 0.18269481, ..., 0.6899912 ,
         0.86975926, 0.79691154],
        [0.34649506, 0.77439857, 0.2624563 , ..., 0.24336971,
         0.12918392, 0.85741484]],

       ...,

       [[0.25177336, 0.06745737, 0.397463  , ..., 0.53902745,
         0.8846628 , 0.77641225],
        [0.20202622, 0.7055139 , 0.8628234 , ..., 0.60255504,
         0.03368128, 0.52469236],
        [0.33141175, 0.7531062 , 0.5624755 , ..., 0.75647646,
         0.76311934, 0.8986525 ],
        ...,
        [0.1766637 , 0.3459674 , 0.80906755, ..., 0.715959  ,
         0.5548355 , 0.54500043],
        [0.5146797 , 0.9491424 , 0.5433948 , ..., 0.38778424,
         0.20409429, 0.6509062 ],
        [0.769508  , 0.6052264 , 0.35996225, ..., 0.4200337 ,
         0.722864  , 0.2130731 ]],

       [[0.42462668, 0.18404858, 0.46755877, ..., 0.3270606 ,
         0.99732256, 0.29563162],
        [0.07370541, 0.00764406, 0.35818163, ..., 0.7996056 ,
         0.15586913, 0.6590963 ],
        [0.8752608 , 0.9201102 , 0.07291849, ..., 0.83310026,
         0.5097836 , 0.19852193],
        ...,
        [0.16347504, 0.86247605, 0.9166611 , ..., 0.5776453 ,
         0.7459354 , 0.33572775],
        [0.07895182, 0.7974415 , 0.08807418, ..., 0.7800585 ,
         0.5198844 , 0.1522597 ],
        [0.9124903 , 0.6802686 , 0.09664081, ..., 0.01901102,
         0.42458203, 0.52973706]],

       [[0.4919345 , 0.31228372, 0.93951005, ..., 0.8591114 ,
         0.69631445, 0.5673733 ],
        [0.03900038, 0.5598539 , 0.5331851 , ..., 0.01218178,
         0.8646529 , 0.4339177 ],
        [0.71399194, 0.29079092, 0.43509695, ..., 0.5455547 ,
         0.63318723, 0.08262166],
        ...,
        [0.42048964, 0.3927742 , 0.87279695, ..., 0.85524225,
         0.18174991, 0.48141646],
        [0.51513076, 0.47859094, 0.7225554 , ..., 0.62070125,
         0.4812357 , 0.71070373],
        [0.46919844, 0.7626937 , 0.19498847, ..., 0.80527216,
         0.25273007, 0.32375538]]], dtype=float32), <tvm.nd.NDArray shape=(76, 46, 98), cpu(0)>
array([[[0.8161912 , 0.929183  , 0.93362767, ..., 0.24427825,
         0.00591972, 0.36643764],
        [0.28454673, 0.3951697 , 0.23032136, ..., 0.17136642,
         0.53374195, 0.3075777 ],
        [0.46209377, 0.10100694, 0.37096244, ..., 0.9922738 ,
         0.7904521 , 0.9491952 ],
        ...,
        [0.98504454, 0.07308219, 0.895812  , ..., 0.94670266,
         0.91734475, 0.45286533],
        [0.48151356, 0.14527695, 0.99006397, ..., 0.3264985 ,
         0.46371964, 0.01978372],
        [0.3251544 , 0.24692647, 0.8428416 , ..., 0.24903993,
         0.241775  , 0.3058518 ]],

       [[0.27266887, 0.26235712, 0.8439544 , ..., 0.36608922,
         0.7291293 , 0.6626033 ],
        [0.5163707 , 0.10676266, 0.05006217, ..., 0.7408753 ,
         0.13344762, 0.77568984],
        [0.29180425, 0.25423682, 0.49948692, ..., 0.8082836 ,
         0.07841487, 0.60020906],
        ...,
        [0.19277184, 0.38774133, 0.9214955 , ..., 0.5414916 ,
         0.41092983, 0.8288902 ],
        [0.8599523 , 0.94072604, 0.45395184, ..., 0.42006195,
         0.24777874, 0.2714866 ],
        [0.6404382 , 0.8917889 , 0.65775704, ..., 0.4508316 ,
         0.852501  , 0.36190435]],

       [[0.40293258, 0.31872365, 0.18363948, ..., 0.14604431,
         0.85126084, 0.21190678],
        [0.67385507, 0.42731968, 0.50903404, ..., 0.43197682,
         0.37175927, 0.20687498],
        [0.7286581 , 0.64278364, 0.31675497, ..., 0.851817  ,
         0.76815015, 0.8710125 ],
        ...,
        [0.1907199 , 0.31236097, 0.06743154, ..., 0.5797684 ,
         0.5308115 , 0.27119863],
        [0.44050032, 0.9669685 , 0.6152422 , ..., 0.07467774,
         0.93594545, 0.5379632 ],
        [0.5182046 , 0.92744344, 0.5059981 , ..., 0.8279407 ,
         0.7139679 , 0.29936412]],

       ...,

       [[0.43059644, 0.257401  , 0.03652644, ..., 0.80152893,
         0.5252209 , 0.02999163],
        [0.4678033 , 0.78359354, 0.13646361, ..., 0.15917462,
         0.44768482, 0.8930465 ],
        [0.7626912 , 0.46929738, 0.3894973 , ..., 0.33175424,
         0.16044262, 0.3481249 ],
        ...,
        [0.74363464, 0.52326035, 0.08263495, ..., 0.89605063,
         0.51309204, 0.8019404 ],
        [0.6649858 , 0.5605616 , 0.80705094, ..., 0.30304185,
         0.37300748, 0.9996839 ],
        [0.7710725 , 0.20197356, 0.18804756, ..., 0.27790657,
         0.07206523, 0.2418118 ]],

       [[0.47934976, 0.94086045, 0.18560109, ..., 0.92373455,
         0.1271131 , 0.3580543 ],
        [0.00205238, 0.86769015, 0.176789  , ..., 0.18268886,
         0.9226224 , 0.3929016 ],
        [0.9411539 , 0.45866823, 0.8997678 , ..., 0.05778622,
         0.6628487 , 0.7377597 ],
        ...,
        [0.6493182 , 0.4020672 , 0.7844334 , ..., 0.7755243 ,
         0.04967362, 0.89387107],
        [0.20933115, 0.4080948 , 0.47549978, ..., 0.47435355,
         0.7819461 , 0.78643525],
        [0.40704212, 0.3595376 , 0.60428053, ..., 0.74445724,
         0.35157478, 0.66126925]],

       [[0.06792201, 0.8103464 , 0.77968395, ..., 0.5465982 ,
         0.42914227, 0.66018337],
        [0.8654257 , 0.23362055, 0.5327844 , ..., 0.21298987,
         0.92645884, 0.05780168],
        [0.6162591 , 0.49376023, 0.5340274 , ..., 0.41712162,
         0.5677711 , 0.40968943],
        ...,
        [0.00779548, 0.6515066 , 0.98230916, ..., 0.16767284,
         0.943126  , 0.28574708],
        [0.13552912, 0.60746557, 0.4865102 , ..., 0.67174256,
         0.44667447, 0.3584564 ],
        [0.5442415 , 0.26502472, 0.67183185, ..., 0.78498924,
         0.8875907 , 0.27357826]]], dtype=float32), <tvm.nd.NDArray shape=(76, 46, 98), cpu(0)>
array([[[nan, nan, nan, ..., nan, nan, nan],
        [nan, nan, nan, ..., nan, nan, nan],
        [nan, nan, nan, ..., nan, nan, nan],
        ...,
        [nan, nan, nan, ..., nan, nan, nan],
        [nan, nan, nan, ..., nan, nan, nan],
        [nan, nan, nan, ..., nan, nan, nan]],

       [[nan, nan, nan, ..., nan, nan, nan],
        [nan, nan, nan, ..., nan, nan, nan],
        [nan, nan, nan, ..., nan, nan, nan],
        ...,
        [nan, nan, nan, ..., nan, nan, nan],
        [nan, nan, nan, ..., nan, nan, nan],
        [nan, nan, nan, ..., nan, nan, nan]],

       [[nan, nan, nan, ..., nan, nan, nan],
        [nan, nan, nan, ..., nan, nan, nan],
        [nan, nan, nan, ..., nan, nan, nan],
        ...,
        [nan, nan, nan, ..., nan, nan, nan],
        [nan, nan, nan, ..., nan, nan, nan],
        [nan, nan, nan, ..., nan, nan, nan]],

       ...,

       [[nan, nan, nan, ..., nan, nan, nan],
        [nan, nan, nan, ..., nan, nan, nan],
        [nan, nan, nan, ..., nan, nan, nan],
        ...,
        [nan, nan, nan, ..., nan, nan, nan],
        [nan, nan, nan, ..., nan, nan, nan],
        [nan, nan, nan, ..., nan, nan, nan]],

       [[nan, nan, nan, ..., nan, nan, nan],
        [nan, nan, nan, ..., nan, nan, nan],
        [nan, nan, nan, ..., nan, nan, nan],
        ...,
        [nan, nan, nan, ..., nan, nan, nan],
        [nan, nan, nan, ..., nan, nan, nan],
        [nan, nan, nan, ..., nan, nan, nan]],

       [[nan, nan, nan, ..., nan, nan, nan],
        [nan, nan, nan, ..., nan, nan, nan],
        [nan, nan, nan, ..., nan, nan, nan],
        ...,
        [nan, nan, nan, ..., nan, nan, nan],
        [nan, nan, nan, ..., nan, nan, nan],
        [nan, nan, nan, ..., nan, nan, nan]]], dtype=float32), <tvm.nd.NDArray shape=(76, 46, 98), cpu(0)>
array([[[nan, nan, nan, ..., nan, nan, nan],
        [nan, nan, nan, ..., nan, nan, nan],
        [nan, nan, nan, ..., nan, nan, nan],
        ...,
        [nan, nan, nan, ..., nan, nan, nan],
        [nan, nan, nan, ..., nan, nan, nan],
        [nan, nan, nan, ..., nan, nan, nan]],

       [[nan, nan, nan, ..., nan, nan, nan],
        [nan, nan, nan, ..., nan, nan, nan],
        [nan, nan, nan, ..., nan, nan, nan],
        ...,
        [nan, nan, nan, ..., nan, nan, nan],
        [nan, nan, nan, ..., nan, nan, nan],
        [nan, nan, nan, ..., nan, nan, nan]],

       [[nan, nan, nan, ..., nan, nan, nan],
        [nan, nan, nan, ..., nan, nan, nan],
        [nan, nan, nan, ..., nan, nan, nan],
        ...,
        [nan, nan, nan, ..., nan, nan, nan],
        [nan, nan, nan, ..., nan, nan, nan],
        [nan, nan, nan, ..., nan, nan, nan]],

       ...,

       [[nan, nan, nan, ..., nan, nan, nan],
        [nan, nan, nan, ..., nan, nan, nan],
        [nan, nan, nan, ..., nan, nan, nan],
        ...,
        [nan, nan, nan, ..., nan, nan, nan],
        [nan, nan, nan, ..., nan, nan, nan],
        [nan, nan, nan, ..., nan, nan, nan]],

       [[nan, nan, nan, ..., nan, nan, nan],
        [nan, nan, nan, ..., nan, nan, nan],
        [nan, nan, nan, ..., nan, nan, nan],
        ...,
        [nan, nan, nan, ..., nan, nan, nan],
        [nan, nan, nan, ..., nan, nan, nan],
        [nan, nan, nan, ..., nan, nan, nan]],

       [[nan, nan, nan, ..., nan, nan, nan],
        [nan, nan, nan, ..., nan, nan, nan],
        [nan, nan, nan, ..., nan, nan, nan],
        ...,
        [nan, nan, nan, ..., nan, nan, nan],
        [nan, nan, nan, ..., nan, nan, nan],
        [nan, nan, nan, ..., nan, nan, nan]]], dtype=float32), <tvm.nd.NDArray shape=(76, 46, 98), cpu(0)>
array([[[1., 1., 1., ..., 1., 1., 1.],
        [1., 1., 1., ..., 1., 1., 1.],
        [1., 1., 1., ..., 1., 1., 1.],
        ...,
        [1., 1., 1., ..., 1., 1., 1.],
        [1., 1., 1., ..., 1., 1., 1.],
        [1., 1., 1., ..., 1., 1., 1.]],

       [[1., 1., 1., ..., 1., 1., 1.],
        [1., 1., 1., ..., 1., 1., 1.],
        [1., 1., 1., ..., 1., 1., 1.],
        ...,
        [1., 1., 1., ..., 1., 1., 1.],
        [1., 1., 1., ..., 1., 1., 1.],
        [1., 1., 1., ..., 1., 1., 1.]],

       [[1., 1., 1., ..., 1., 1., 1.],
        [1., 1., 1., ..., 1., 1., 1.],
        [1., 1., 1., ..., 1., 1., 1.],
        ...,
        [1., 1., 1., ..., 1., 1., 1.],
        [1., 1., 1., ..., 1., 1., 1.],
        [1., 1., 1., ..., 1., 1., 1.]],

       ...,

       [[1., 1., 1., ..., 1., 1., 1.],
        [1., 1., 1., ..., 1., 1., 1.],
        [1., 1., 1., ..., 1., 1., 1.],
        ...,
        [1., 1., 1., ..., 1., 1., 1.],
        [1., 1., 1., ..., 1., 1., 1.],
        [1., 1., 1., ..., 1., 1., 1.]],

       [[1., 1., 1., ..., 1., 1., 1.],
        [1., 1., 1., ..., 1., 1., 1.],
        [1., 1., 1., ..., 1., 1., 1.],
        ...,
        [1., 1., 1., ..., 1., 1., 1.],
        [1., 1., 1., ..., 1., 1., 1.],
        [1., 1., 1., ..., 1., 1., 1.]],

       [[1., 1., 1., ..., 1., 1., 1.],
        [1., 1., 1., ..., 1., 1., 1.],
        [1., 1., 1., ..., 1., 1., 1.],
        ...,
        [1., 1., 1., ..., 1., 1., 1.],
        [1., 1., 1., ..., 1., 1., 1.],
        [1., 1., 1., ..., 1., 1., 1.]]], dtype=float32), <tvm.nd.NDArray shape=(76, 46, 98), cpu(0)>
array([[[4.4165108e-01, 2.1531284e-02, 2.0163375e-01, ...,
         2.4951735e-01, 5.1681316e-01, 6.1103374e-02],
        [2.5912762e-01, 2.8727829e-01, 1.9889218e-01, ...,
         4.6173504e-01, 1.9471216e-01, 4.1631877e-02],
        [2.6386189e-01, 7.9610336e-01, 5.1612401e-01, ...,
         9.5492560e-01, 3.2148421e-02, 5.8900458e-01],
        ...,
        [3.4727037e-01, 7.4698532e-01, 8.5423303e-01, ...,
         1.6323310e-01, 6.4027548e-01, 4.8801485e-01],
        [3.5716772e-01, 7.2985667e-01, 1.9123733e-02, ...,
         1.8394196e-01, 8.1580162e-02, 5.3494805e-01],
        [2.4839634e-01, 2.4273902e-01, 1.7240727e-01, ...,
         3.6586061e-02, 4.9283329e-01, 2.8190553e-01]],

       [[3.1215897e-01, 6.7911714e-01, 6.6954511e-01, ...,
         4.1429698e-03, 2.2149622e-02, 2.3439199e-01],
        [3.2975352e-01, 7.6050729e-02, 9.0622967e-01, ...,
         6.6751122e-01, 5.2969861e-01, 1.8032348e-01],
        [1.2334141e-01, 1.6795543e-01, 2.8557700e-01, ...,
         1.7337698e-01, 4.5431152e-02, 5.2967340e-01],
        ...,
        [2.7294412e-02, 7.8982115e-04, 5.5768251e-02, ...,
         1.8424967e-01, 1.6612354e-01, 4.8662460e-01],
        [7.7607852e-01, 5.2077949e-02, 3.2676938e-01, ...,
         6.2832505e-02, 2.6630196e-01, 5.5769515e-01],
        [1.9665462e-01, 3.2093585e-01, 1.3068610e-01, ...,
         3.9855522e-01, 5.9904385e-01, 2.8765750e-01]],

       [[2.9915786e-01, 4.9420473e-01, 1.4476578e-01, ...,
         3.8172787e-01, 3.1123167e-01, 2.4912681e-01],
        [3.4796491e-01, 4.8335344e-02, 9.3773484e-02, ...,
         1.5104184e-01, 5.3715849e-01, 7.3511648e-01],
        [6.6433883e-01, 2.4041310e-01, 2.9329595e-01, ...,
         1.2004089e-01, 6.0341614e-01, 5.1965654e-01],
        ...,
        [1.4408401e-01, 1.1998677e-01, 7.6001418e-01, ...,
         5.2919286e-01, 3.7511259e-02, 2.4793983e-02],
        [1.1431527e-01, 6.0510635e-03, 4.3254739e-01, ...,
         6.1531341e-01, 6.6186190e-02, 2.5894833e-01],
        [1.7170957e-01, 1.5304488e-01, 2.4354178e-01, ...,
         5.8457100e-01, 5.8478403e-01, 5.5805075e-01]],

       ...,

       [[1.7882308e-01, 1.8994361e-01, 3.6093655e-01, ...,
         2.6250148e-01, 3.5944194e-01, 7.4642062e-01],
        [2.6577708e-01, 7.8079641e-02, 7.2635984e-01, ...,
         4.4338042e-01, 4.1400355e-01, 3.6835414e-01],
        [4.3127945e-01, 2.8380880e-01, 1.7297819e-01, ...,
         4.2472222e-01, 6.0267675e-01, 5.5052757e-01],
        ...,
        [5.6697094e-01, 1.7729294e-01, 7.2643262e-01, ...,
         1.8009162e-01, 4.1743457e-02, 2.5693995e-01],
        [1.5030611e-01, 3.8858080e-01, 2.6365614e-01, ...,
         8.4742397e-02, 1.6891319e-01, 3.4877771e-01],
        [1.5645027e-03, 4.0325284e-01, 1.7191470e-01, ...,
         1.4212713e-01, 6.5079874e-01, 2.8738692e-02]],

       [[5.4723084e-02, 7.5681186e-01, 2.8195769e-01, ...,
         5.9667397e-01, 8.7020946e-01, 6.2422693e-02],
        [7.1653031e-02, 8.6004609e-01, 1.8139262e-01, ...,
         6.1691678e-01, 7.6675326e-01, 2.6619470e-01],
        [6.5893114e-02, 4.6144199e-01, 8.2684934e-01, ...,
         7.7531403e-01, 1.5306509e-01, 5.3923780e-01],
        ...,
        [4.8584318e-01, 4.6040884e-01, 1.3222766e-01, ...,
         1.9787902e-01, 6.9626176e-01, 5.5814332e-01],
        [1.3037933e-01, 3.8934669e-01, 3.8742560e-01, ...,
         3.0570495e-01, 2.6206172e-01, 6.3417554e-01],
        [5.0544822e-01, 3.2073098e-01, 5.0763971e-01, ...,
         7.2544622e-01, 7.3007256e-02, 1.3153219e-01]],

       [[4.2401248e-01, 4.9806270e-01, 1.5982610e-01, ...,
         3.1251323e-01, 2.6717219e-01, 9.2810094e-02],
        [8.2642531e-01, 3.2623336e-01, 4.0072203e-04, ...,
         2.0080808e-01, 6.1805964e-02, 3.7611604e-01],
        [9.7732842e-02, 2.0296931e-01, 9.8930448e-02, ...,
         1.2843308e-01, 6.5416157e-02, 3.2706776e-01],
        ...,
        [4.1269416e-01, 2.5873241e-01, 1.0951221e-01, ...,
         6.8756938e-01, 7.6137614e-01, 1.9566938e-01],
        [3.7960166e-01, 1.2887463e-01, 2.3604521e-01, ...,
         5.1041305e-02, 3.4561247e-02, 3.5224733e-01],
        [7.5043052e-02, 4.9766898e-01, 4.7684336e-01, ...,
         2.0282924e-02, 6.3486063e-01, 5.0177127e-02]]], dtype=float32)]
2024-07-24 16:34:27 INFO: param_list: [<tvm.nd.NDArray shape=(76, 46, 98), cpu(0)>
array([[[0.37454012, 0.9507143 , 0.7319939 , ..., 0.4937956 ,
         0.52273285, 0.42754102],
        [0.02541913, 0.10789143, 0.03142919, ..., 0.63310146,
         0.3390298 , 0.34920958],
        [0.72595567, 0.8971103 , 0.88708645, ..., 0.03734819,
         0.82260054, 0.36019063],
        ...,
        [0.63777417, 0.8200675 , 0.04157896, ..., 0.78346956,
         0.27706924, 0.9408802 ],
        [0.12434584, 0.87513363, 0.97094023, ..., 0.14255655,
         0.38213947, 0.5547318 ],
        [0.07675806, 0.00418744, 0.67043436, ..., 0.285626  ,
         0.7346083 , 0.02394626]],

       [[0.58482784, 0.94147426, 0.17440927, ..., 0.3702322 ,
         0.75127894, 0.8969953 ],
        [0.84612423, 0.18281339, 0.95629185, ..., 0.07336406,
         0.66314626, 0.59536636],
        [0.41514567, 0.42219225, 0.7850639 , ..., 0.63490665,
         0.12384602, 0.07053564],
        ...,
        [0.22006625, 0.38853115, 0.86572725, ..., 0.35724196,
         0.57705337, 0.3422656 ],
        [0.08387374, 0.992804  , 0.12718245, ..., 0.48289445,
         0.5140807 , 0.8291818 ],
        [0.44378358, 0.57085305, 0.52707094, ..., 0.05227637,
         0.25345713, 0.07424686]],

       [[0.10377471, 0.8129284 , 0.0388737 , ..., 0.5277722 ,
         0.54002917, 0.46103358],
        [0.32589015, 0.47565502, 0.6028075 , ..., 0.58301866,
         0.9089177 , 0.94199145],
        [0.06431922, 0.40237054, 0.02345902, ..., 0.7317761 ,
         0.164734  , 0.35135594],
        ...,
        [0.0466359 , 0.43234774, 0.82744575, ..., 0.05057557,
         0.49330023, 0.2959926 ],
        [0.32618505, 0.9609174 , 0.18269481, ..., 0.6899912 ,
         0.86975926, 0.79691154],
        [0.34649506, 0.77439857, 0.2624563 , ..., 0.24336971,
         0.12918392, 0.85741484]],

       ...,

       [[0.25177336, 0.06745737, 0.397463  , ..., 0.53902745,
         0.8846628 , 0.77641225],
        [0.20202622, 0.7055139 , 0.8628234 , ..., 0.60255504,
         0.03368128, 0.52469236],
        [0.33141175, 0.7531062 , 0.5624755 , ..., 0.75647646,
         0.76311934, 0.8986525 ],
        ...,
        [0.1766637 , 0.3459674 , 0.80906755, ..., 0.715959  ,
         0.5548355 , 0.54500043],
        [0.5146797 , 0.9491424 , 0.5433948 , ..., 0.38778424,
         0.20409429, 0.6509062 ],
        [0.769508  , 0.6052264 , 0.35996225, ..., 0.4200337 ,
         0.722864  , 0.2130731 ]],

       [[0.42462668, 0.18404858, 0.46755877, ..., 0.3270606 ,
         0.99732256, 0.29563162],
        [0.07370541, 0.00764406, 0.35818163, ..., 0.7996056 ,
         0.15586913, 0.6590963 ],
        [0.8752608 , 0.9201102 , 0.07291849, ..., 0.83310026,
         0.5097836 , 0.19852193],
        ...,
        [0.16347504, 0.86247605, 0.9166611 , ..., 0.5776453 ,
         0.7459354 , 0.33572775],
        [0.07895182, 0.7974415 , 0.08807418, ..., 0.7800585 ,
         0.5198844 , 0.1522597 ],
        [0.9124903 , 0.6802686 , 0.09664081, ..., 0.01901102,
         0.42458203, 0.52973706]],

       [[0.4919345 , 0.31228372, 0.93951005, ..., 0.8591114 ,
         0.69631445, 0.5673733 ],
        [0.03900038, 0.5598539 , 0.5331851 , ..., 0.01218178,
         0.8646529 , 0.4339177 ],
        [0.71399194, 0.29079092, 0.43509695, ..., 0.5455547 ,
         0.63318723, 0.08262166],
        ...,
        [0.42048964, 0.3927742 , 0.87279695, ..., 0.85524225,
         0.18174991, 0.48141646],
        [0.51513076, 0.47859094, 0.7225554 , ..., 0.62070125,
         0.4812357 , 0.71070373],
        [0.46919844, 0.7626937 , 0.19498847, ..., 0.80527216,
         0.25273007, 0.32375538]]], dtype=float32), <tvm.nd.NDArray shape=(76, 46, 98), cpu(0)>
array([[[0.8161912 , 0.929183  , 0.93362767, ..., 0.24427825,
         0.00591972, 0.36643764],
        [0.28454673, 0.3951697 , 0.23032136, ..., 0.17136642,
         0.53374195, 0.3075777 ],
        [0.46209377, 0.10100694, 0.37096244, ..., 0.9922738 ,
         0.7904521 , 0.9491952 ],
        ...,
        [0.98504454, 0.07308219, 0.895812  , ..., 0.94670266,
         0.91734475, 0.45286533],
        [0.48151356, 0.14527695, 0.99006397, ..., 0.3264985 ,
         0.46371964, 0.01978372],
        [0.3251544 , 0.24692647, 0.8428416 , ..., 0.24903993,
         0.241775  , 0.3058518 ]],

       [[0.27266887, 0.26235712, 0.8439544 , ..., 0.36608922,
         0.7291293 , 0.6626033 ],
        [0.5163707 , 0.10676266, 0.05006217, ..., 0.7408753 ,
         0.13344762, 0.77568984],
        [0.29180425, 0.25423682, 0.49948692, ..., 0.8082836 ,
         0.07841487, 0.60020906],
        ...,
        [0.19277184, 0.38774133, 0.9214955 , ..., 0.5414916 ,
         0.41092983, 0.8288902 ],
        [0.8599523 , 0.94072604, 0.45395184, ..., 0.42006195,
         0.24777874, 0.2714866 ],
        [0.6404382 , 0.8917889 , 0.65775704, ..., 0.4508316 ,
         0.852501  , 0.36190435]],

       [[0.40293258, 0.31872365, 0.18363948, ..., 0.14604431,
         0.85126084, 0.21190678],
        [0.67385507, 0.42731968, 0.50903404, ..., 0.43197682,
         0.37175927, 0.20687498],
        [0.7286581 , 0.64278364, 0.31675497, ..., 0.851817  ,
         0.76815015, 0.8710125 ],
        ...,
        [0.1907199 , 0.31236097, 0.06743154, ..., 0.5797684 ,
         0.5308115 , 0.27119863],
        [0.44050032, 0.9669685 , 0.6152422 , ..., 0.07467774,
         0.93594545, 0.5379632 ],
        [0.5182046 , 0.92744344, 0.5059981 , ..., 0.8279407 ,
         0.7139679 , 0.29936412]],

       ...,

       [[0.43059644, 0.257401  , 0.03652644, ..., 0.80152893,
         0.5252209 , 0.02999163],
        [0.4678033 , 0.78359354, 0.13646361, ..., 0.15917462,
         0.44768482, 0.8930465 ],
        [0.7626912 , 0.46929738, 0.3894973 , ..., 0.33175424,
         0.16044262, 0.3481249 ],
        ...,
        [0.74363464, 0.52326035, 0.08263495, ..., 0.89605063,
         0.51309204, 0.8019404 ],
        [0.6649858 , 0.5605616 , 0.80705094, ..., 0.30304185,
         0.37300748, 0.9996839 ],
        [0.7710725 , 0.20197356, 0.18804756, ..., 0.27790657,
         0.07206523, 0.2418118 ]],

       [[0.47934976, 0.94086045, 0.18560109, ..., 0.92373455,
         0.1271131 , 0.3580543 ],
        [0.00205238, 0.86769015, 0.176789  , ..., 0.18268886,
         0.9226224 , 0.3929016 ],
        [0.9411539 , 0.45866823, 0.8997678 , ..., 0.05778622,
         0.6628487 , 0.7377597 ],
        ...,
        [0.6493182 , 0.4020672 , 0.7844334 , ..., 0.7755243 ,
         0.04967362, 0.89387107],
        [0.20933115, 0.4080948 , 0.47549978, ..., 0.47435355,
         0.7819461 , 0.78643525],
        [0.40704212, 0.3595376 , 0.60428053, ..., 0.74445724,
         0.35157478, 0.66126925]],

       [[0.06792201, 0.8103464 , 0.77968395, ..., 0.5465982 ,
         0.42914227, 0.66018337],
        [0.8654257 , 0.23362055, 0.5327844 , ..., 0.21298987,
         0.92645884, 0.05780168],
        [0.6162591 , 0.49376023, 0.5340274 , ..., 0.41712162,
         0.5677711 , 0.40968943],
        ...,
        [0.00779548, 0.6515066 , 0.98230916, ..., 0.16767284,
         0.943126  , 0.28574708],
        [0.13552912, 0.60746557, 0.4865102 , ..., 0.67174256,
         0.44667447, 0.3584564 ],
        [0.5442415 , 0.26502472, 0.67183185, ..., 0.78498924,
         0.8875907 , 0.27357826]]], dtype=float32), <tvm.nd.NDArray shape=(76, 46, 98), cpu(0)>
array([[[0., 0., 0., ..., 0., 0., 0.],
        [0., 0., 0., ..., 0., 0., 0.],
        [0., 0., 0., ..., 0., 0., 0.],
        ...,
        [0., 0., 0., ..., 0., 0., 0.],
        [0., 0., 0., ..., 0., 0., 0.],
        [0., 0., 0., ..., 0., 0., 0.]],

       [[0., 0., 0., ..., 0., 0., 0.],
        [0., 0., 0., ..., 0., 0., 0.],
        [0., 0., 0., ..., 0., 0., 0.],
        ...,
        [0., 0., 0., ..., 0., 0., 0.],
        [0., 0., 0., ..., 0., 0., 0.],
        [0., 0., 0., ..., 0., 0., 0.]],

       [[0., 0., 0., ..., 0., 0., 0.],
        [0., 0., 0., ..., 0., 0., 0.],
        [0., 0., 0., ..., 0., 0., 0.],
        ...,
        [0., 0., 0., ..., 0., 0., 0.],
        [0., 0., 0., ..., 0., 0., 0.],
        [0., 0., 0., ..., 0., 0., 0.]],

       ...,

       [[0., 0., 0., ..., 0., 0., 0.],
        [0., 0., 0., ..., 0., 0., 0.],
        [0., 0., 0., ..., 0., 0., 0.],
        ...,
        [0., 0., 0., ..., 0., 0., 0.],
        [0., 0., 0., ..., 0., 0., 0.],
        [0., 0., 0., ..., 0., 0., 0.]],

       [[0., 0., 0., ..., 0., 0., 0.],
        [0., 0., 0., ..., 0., 0., 0.],
        [0., 0., 0., ..., 0., 0., 0.],
        ...,
        [0., 0., 0., ..., 0., 0., 0.],
        [0., 0., 0., ..., 0., 0., 0.],
        [0., 0., 0., ..., 0., 0., 0.]],

       [[0., 0., 0., ..., 0., 0., 0.],
        [0., 0., 0., ..., 0., 0., 0.],
        [0., 0., 0., ..., 0., 0., 0.],
        ...,
        [0., 0., 0., ..., 0., 0., 0.],
        [0., 0., 0., ..., 0., 0., 0.],
        [0., 0., 0., ..., 0., 0., 0.]]], dtype=float32), <tvm.nd.NDArray shape=(76, 46, 98), cpu(0)>
array([[[0., 0., 0., ..., 0., 0., 0.],
        [0., 0., 0., ..., 0., 0., 0.],
        [0., 0., 0., ..., 0., 0., 0.],
        ...,
        [0., 0., 0., ..., 0., 0., 0.],
        [0., 0., 0., ..., 0., 0., 0.],
        [0., 0., 0., ..., 0., 0., 0.]],

       [[0., 0., 0., ..., 0., 0., 0.],
        [0., 0., 0., ..., 0., 0., 0.],
        [0., 0., 0., ..., 0., 0., 0.],
        ...,
        [0., 0., 0., ..., 0., 0., 0.],
        [0., 0., 0., ..., 0., 0., 0.],
        [0., 0., 0., ..., 0., 0., 0.]],

       [[0., 0., 0., ..., 0., 0., 0.],
        [0., 0., 0., ..., 0., 0., 0.],
        [0., 0., 0., ..., 0., 0., 0.],
        ...,
        [0., 0., 0., ..., 0., 0., 0.],
        [0., 0., 0., ..., 0., 0., 0.],
        [0., 0., 0., ..., 0., 0., 0.]],

       ...,

       [[0., 0., 0., ..., 0., 0., 0.],
        [0., 0., 0., ..., 0., 0., 0.],
        [0., 0., 0., ..., 0., 0., 0.],
        ...,
        [0., 0., 0., ..., 0., 0., 0.],
        [0., 0., 0., ..., 0., 0., 0.],
        [0., 0., 0., ..., 0., 0., 0.]],

       [[0., 0., 0., ..., 0., 0., 0.],
        [0., 0., 0., ..., 0., 0., 0.],
        [0., 0., 0., ..., 0., 0., 0.],
        ...,
        [0., 0., 0., ..., 0., 0., 0.],
        [0., 0., 0., ..., 0., 0., 0.],
        [0., 0., 0., ..., 0., 0., 0.]],

       [[0., 0., 0., ..., 0., 0., 0.],
        [0., 0., 0., ..., 0., 0., 0.],
        [0., 0., 0., ..., 0., 0., 0.],
        ...,
        [0., 0., 0., ..., 0., 0., 0.],
        [0., 0., 0., ..., 0., 0., 0.],
        [0., 0., 0., ..., 0., 0., 0.]]], dtype=float32), <tvm.nd.NDArray shape=(76, 46, 98), cpu(0)>
array([[[0., 0., 0., ..., 0., 0., 0.],
        [0., 0., 0., ..., 0., 0., 0.],
        [0., 0., 0., ..., 0., 0., 0.],
        ...,
        [0., 0., 0., ..., 0., 0., 0.],
        [0., 0., 0., ..., 0., 0., 0.],
        [0., 0., 0., ..., 0., 0., 0.]],

       [[0., 0., 0., ..., 0., 0., 0.],
        [0., 0., 0., ..., 0., 0., 0.],
        [0., 0., 0., ..., 0., 0., 0.],
        ...,
        [0., 0., 0., ..., 0., 0., 0.],
        [0., 0., 0., ..., 0., 0., 0.],
        [0., 0., 0., ..., 0., 0., 0.]],

       [[0., 0., 0., ..., 0., 0., 0.],
        [0., 0., 0., ..., 0., 0., 0.],
        [0., 0., 0., ..., 0., 0., 0.],
        ...,
        [0., 0., 0., ..., 0., 0., 0.],
        [0., 0., 0., ..., 0., 0., 0.],
        [0., 0., 0., ..., 0., 0., 0.]],

       ...,

       [[0., 0., 0., ..., 0., 0., 0.],
        [0., 0., 0., ..., 0., 0., 0.],
        [0., 0., 0., ..., 0., 0., 0.],
        ...,
        [0., 0., 0., ..., 0., 0., 0.],
        [0., 0., 0., ..., 0., 0., 0.],
        [0., 0., 0., ..., 0., 0., 0.]],

       [[0., 0., 0., ..., 0., 0., 0.],
        [0., 0., 0., ..., 0., 0., 0.],
        [0., 0., 0., ..., 0., 0., 0.],
        ...,
        [0., 0., 0., ..., 0., 0., 0.],
        [0., 0., 0., ..., 0., 0., 0.],
        [0., 0., 0., ..., 0., 0., 0.]],

       [[0., 0., 0., ..., 0., 0., 0.],
        [0., 0., 0., ..., 0., 0., 0.],
        [0., 0., 0., ..., 0., 0., 0.],
        ...,
        [0., 0., 0., ..., 0., 0., 0.],
        [0., 0., 0., ..., 0., 0., 0.],
        [0., 0., 0., ..., 0., 0., 0.]]], dtype=float32), <tvm.nd.NDArray shape=(76, 46, 98), cpu(0)>
array([[[0., 0., 0., ..., 0., 0., 0.],
        [0., 0., 0., ..., 0., 0., 0.],
        [0., 0., 0., ..., 0., 0., 0.],
        ...,
        [0., 0., 0., ..., 0., 0., 0.],
        [0., 0., 0., ..., 0., 0., 0.],
        [0., 0., 0., ..., 0., 0., 0.]],

       [[0., 0., 0., ..., 0., 0., 0.],
        [0., 0., 0., ..., 0., 0., 0.],
        [0., 0., 0., ..., 0., 0., 0.],
        ...,
        [0., 0., 0., ..., 0., 0., 0.],
        [0., 0., 0., ..., 0., 0., 0.],
        [0., 0., 0., ..., 0., 0., 0.]],

       [[0., 0., 0., ..., 0., 0., 0.],
        [0., 0., 0., ..., 0., 0., 0.],
        [0., 0., 0., ..., 0., 0., 0.],
        ...,
        [0., 0., 0., ..., 0., 0., 0.],
        [0., 0., 0., ..., 0., 0., 0.],
        [0., 0., 0., ..., 0., 0., 0.]],

       ...,

       [[0., 0., 0., ..., 0., 0., 0.],
        [0., 0., 0., ..., 0., 0., 0.],
        [0., 0., 0., ..., 0., 0., 0.],
        ...,
        [0., 0., 0., ..., 0., 0., 0.],
        [0., 0., 0., ..., 0., 0., 0.],
        [0., 0., 0., ..., 0., 0., 0.]],

       [[0., 0., 0., ..., 0., 0., 0.],
        [0., 0., 0., ..., 0., 0., 0.],
        [0., 0., 0., ..., 0., 0., 0.],
        ...,
        [0., 0., 0., ..., 0., 0., 0.],
        [0., 0., 0., ..., 0., 0., 0.],
        [0., 0., 0., ..., 0., 0., 0.]],

       [[0., 0., 0., ..., 0., 0., 0.],
        [0., 0., 0., ..., 0., 0., 0.],
        [0., 0., 0., ..., 0., 0., 0.],
        ...,
        [0., 0., 0., ..., 0., 0., 0.],
        [0., 0., 0., ..., 0., 0., 0.],
        [0., 0., 0., ..., 0., 0., 0.]]], dtype=float32)]
2024-07-24 16:34:27 INFO: param_list(exe): [<tvm.nd.NDArray shape=(76, 46, 98), cpu(0)>
array([[[0.37454012, 0.9507143 , 0.7319939 , ..., 0.4937956 ,
         0.52273285, 0.42754102],
        [0.02541913, 0.10789143, 0.03142919, ..., 0.63310146,
         0.3390298 , 0.34920958],
        [0.72595567, 0.8971103 , 0.88708645, ..., 0.03734819,
         0.82260054, 0.36019063],
        ...,
        [0.63777417, 0.8200675 , 0.04157896, ..., 0.78346956,
         0.27706924, 0.9408802 ],
        [0.12434584, 0.87513363, 0.97094023, ..., 0.14255655,
         0.38213947, 0.5547318 ],
        [0.07675806, 0.00418744, 0.67043436, ..., 0.285626  ,
         0.7346083 , 0.02394626]],

       [[0.58482784, 0.94147426, 0.17440927, ..., 0.3702322 ,
         0.75127894, 0.8969953 ],
        [0.84612423, 0.18281339, 0.95629185, ..., 0.07336406,
         0.66314626, 0.59536636],
        [0.41514567, 0.42219225, 0.7850639 , ..., 0.63490665,
         0.12384602, 0.07053564],
        ...,
        [0.22006625, 0.38853115, 0.86572725, ..., 0.35724196,
         0.57705337, 0.3422656 ],
        [0.08387374, 0.992804  , 0.12718245, ..., 0.48289445,
         0.5140807 , 0.8291818 ],
        [0.44378358, 0.57085305, 0.52707094, ..., 0.05227637,
         0.25345713, 0.07424686]],

       [[0.10377471, 0.8129284 , 0.0388737 , ..., 0.5277722 ,
         0.54002917, 0.46103358],
        [0.32589015, 0.47565502, 0.6028075 , ..., 0.58301866,
         0.9089177 , 0.94199145],
        [0.06431922, 0.40237054, 0.02345902, ..., 0.7317761 ,
         0.164734  , 0.35135594],
        ...,
        [0.0466359 , 0.43234774, 0.82744575, ..., 0.05057557,
         0.49330023, 0.2959926 ],
        [0.32618505, 0.9609174 , 0.18269481, ..., 0.6899912 ,
         0.86975926, 0.79691154],
        [0.34649506, 0.77439857, 0.2624563 , ..., 0.24336971,
         0.12918392, 0.85741484]],

       ...,

       [[0.25177336, 0.06745737, 0.397463  , ..., 0.53902745,
         0.8846628 , 0.77641225],
        [0.20202622, 0.7055139 , 0.8628234 , ..., 0.60255504,
         0.03368128, 0.52469236],
        [0.33141175, 0.7531062 , 0.5624755 , ..., 0.75647646,
         0.76311934, 0.8986525 ],
        ...,
        [0.1766637 , 0.3459674 , 0.80906755, ..., 0.715959  ,
         0.5548355 , 0.54500043],
        [0.5146797 , 0.9491424 , 0.5433948 , ..., 0.38778424,
         0.20409429, 0.6509062 ],
        [0.769508  , 0.6052264 , 0.35996225, ..., 0.4200337 ,
         0.722864  , 0.2130731 ]],

       [[0.42462668, 0.18404858, 0.46755877, ..., 0.3270606 ,
         0.99732256, 0.29563162],
        [0.07370541, 0.00764406, 0.35818163, ..., 0.7996056 ,
         0.15586913, 0.6590963 ],
        [0.8752608 , 0.9201102 , 0.07291849, ..., 0.83310026,
         0.5097836 , 0.19852193],
        ...,
        [0.16347504, 0.86247605, 0.9166611 , ..., 0.5776453 ,
         0.7459354 , 0.33572775],
        [0.07895182, 0.7974415 , 0.08807418, ..., 0.7800585 ,
         0.5198844 , 0.1522597 ],
        [0.9124903 , 0.6802686 , 0.09664081, ..., 0.01901102,
         0.42458203, 0.52973706]],

       [[0.4919345 , 0.31228372, 0.93951005, ..., 0.8591114 ,
         0.69631445, 0.5673733 ],
        [0.03900038, 0.5598539 , 0.5331851 , ..., 0.01218178,
         0.8646529 , 0.4339177 ],
        [0.71399194, 0.29079092, 0.43509695, ..., 0.5455547 ,
         0.63318723, 0.08262166],
        ...,
        [0.42048964, 0.3927742 , 0.87279695, ..., 0.85524225,
         0.18174991, 0.48141646],
        [0.51513076, 0.47859094, 0.7225554 , ..., 0.62070125,
         0.4812357 , 0.71070373],
        [0.46919844, 0.7626937 , 0.19498847, ..., 0.80527216,
         0.25273007, 0.32375538]]], dtype=float32), <tvm.nd.NDArray shape=(76, 46, 98), cpu(0)>
array([[[0.8161912 , 0.929183  , 0.93362767, ..., 0.24427825,
         0.00591972, 0.36643764],
        [0.28454673, 0.3951697 , 0.23032136, ..., 0.17136642,
         0.53374195, 0.3075777 ],
        [0.46209377, 0.10100694, 0.37096244, ..., 0.9922738 ,
         0.7904521 , 0.9491952 ],
        ...,
        [0.98504454, 0.07308219, 0.895812  , ..., 0.94670266,
         0.91734475, 0.45286533],
        [0.48151356, 0.14527695, 0.99006397, ..., 0.3264985 ,
         0.46371964, 0.01978372],
        [0.3251544 , 0.24692647, 0.8428416 , ..., 0.24903993,
         0.241775  , 0.3058518 ]],

       [[0.27266887, 0.26235712, 0.8439544 , ..., 0.36608922,
         0.7291293 , 0.6626033 ],
        [0.5163707 , 0.10676266, 0.05006217, ..., 0.7408753 ,
         0.13344762, 0.77568984],
        [0.29180425, 0.25423682, 0.49948692, ..., 0.8082836 ,
         0.07841487, 0.60020906],
        ...,
        [0.19277184, 0.38774133, 0.9214955 , ..., 0.5414916 ,
         0.41092983, 0.8288902 ],
        [0.8599523 , 0.94072604, 0.45395184, ..., 0.42006195,
         0.24777874, 0.2714866 ],
        [0.6404382 , 0.8917889 , 0.65775704, ..., 0.4508316 ,
         0.852501  , 0.36190435]],

       [[0.40293258, 0.31872365, 0.18363948, ..., 0.14604431,
         0.85126084, 0.21190678],
        [0.67385507, 0.42731968, 0.50903404, ..., 0.43197682,
         0.37175927, 0.20687498],
        [0.7286581 , 0.64278364, 0.31675497, ..., 0.851817  ,
         0.76815015, 0.8710125 ],
        ...,
        [0.1907199 , 0.31236097, 0.06743154, ..., 0.5797684 ,
         0.5308115 , 0.27119863],
        [0.44050032, 0.9669685 , 0.6152422 , ..., 0.07467774,
         0.93594545, 0.5379632 ],
        [0.5182046 , 0.92744344, 0.5059981 , ..., 0.8279407 ,
         0.7139679 , 0.29936412]],

       ...,

       [[0.43059644, 0.257401  , 0.03652644, ..., 0.80152893,
         0.5252209 , 0.02999163],
        [0.4678033 , 0.78359354, 0.13646361, ..., 0.15917462,
         0.44768482, 0.8930465 ],
        [0.7626912 , 0.46929738, 0.3894973 , ..., 0.33175424,
         0.16044262, 0.3481249 ],
        ...,
        [0.74363464, 0.52326035, 0.08263495, ..., 0.89605063,
         0.51309204, 0.8019404 ],
        [0.6649858 , 0.5605616 , 0.80705094, ..., 0.30304185,
         0.37300748, 0.9996839 ],
        [0.7710725 , 0.20197356, 0.18804756, ..., 0.27790657,
         0.07206523, 0.2418118 ]],

       [[0.47934976, 0.94086045, 0.18560109, ..., 0.92373455,
         0.1271131 , 0.3580543 ],
        [0.00205238, 0.86769015, 0.176789  , ..., 0.18268886,
         0.9226224 , 0.3929016 ],
        [0.9411539 , 0.45866823, 0.8997678 , ..., 0.05778622,
         0.6628487 , 0.7377597 ],
        ...,
        [0.6493182 , 0.4020672 , 0.7844334 , ..., 0.7755243 ,
         0.04967362, 0.89387107],
        [0.20933115, 0.4080948 , 0.47549978, ..., 0.47435355,
         0.7819461 , 0.78643525],
        [0.40704212, 0.3595376 , 0.60428053, ..., 0.74445724,
         0.35157478, 0.66126925]],

       [[0.06792201, 0.8103464 , 0.77968395, ..., 0.5465982 ,
         0.42914227, 0.66018337],
        [0.8654257 , 0.23362055, 0.5327844 , ..., 0.21298987,
         0.92645884, 0.05780168],
        [0.6162591 , 0.49376023, 0.5340274 , ..., 0.41712162,
         0.5677711 , 0.40968943],
        ...,
        [0.00779548, 0.6515066 , 0.98230916, ..., 0.16767284,
         0.943126  , 0.28574708],
        [0.13552912, 0.60746557, 0.4865102 , ..., 0.67174256,
         0.44667447, 0.3584564 ],
        [0.5442415 , 0.26502472, 0.67183185, ..., 0.78498924,
         0.8875907 , 0.27357826]]], dtype=float32), <tvm.nd.NDArray shape=(76, 46, 98), cpu(0)>
array([[[nan, nan, nan, ..., nan, nan, nan],
        [nan, nan, nan, ..., nan, nan, nan],
        [nan, nan, nan, ..., nan, nan, nan],
        ...,
        [nan, nan, nan, ..., nan, nan, nan],
        [nan, nan, nan, ..., nan, nan, nan],
        [nan, nan, nan, ..., nan, nan, nan]],

       [[nan, nan, nan, ..., nan, nan, nan],
        [nan, nan, nan, ..., nan, nan, nan],
        [nan, nan, nan, ..., nan, nan, nan],
        ...,
        [nan, nan, nan, ..., nan, nan, nan],
        [nan, nan, nan, ..., nan, nan, nan],
        [nan, nan, nan, ..., nan, nan, nan]],

       [[nan, nan, nan, ..., nan, nan, nan],
        [nan, nan, nan, ..., nan, nan, nan],
        [nan, nan, nan, ..., nan, nan, nan],
        ...,
        [nan, nan, nan, ..., nan, nan, nan],
        [nan, nan, nan, ..., nan, nan, nan],
        [nan, nan, nan, ..., nan, nan, nan]],

       ...,

       [[nan, nan, nan, ..., nan, nan, nan],
        [nan, nan, nan, ..., nan, nan, nan],
        [nan, nan, nan, ..., nan, nan, nan],
        ...,
        [nan, nan, nan, ..., nan, nan, nan],
        [nan, nan, nan, ..., nan, nan, nan],
        [nan, nan, nan, ..., nan, nan, nan]],

       [[nan, nan, nan, ..., nan, nan, nan],
        [nan, nan, nan, ..., nan, nan, nan],
        [nan, nan, nan, ..., nan, nan, nan],
        ...,
        [nan, nan, nan, ..., nan, nan, nan],
        [nan, nan, nan, ..., nan, nan, nan],
        [nan, nan, nan, ..., nan, nan, nan]],

       [[nan, nan, nan, ..., nan, nan, nan],
        [nan, nan, nan, ..., nan, nan, nan],
        [nan, nan, nan, ..., nan, nan, nan],
        ...,
        [nan, nan, nan, ..., nan, nan, nan],
        [nan, nan, nan, ..., nan, nan, nan],
        [nan, nan, nan, ..., nan, nan, nan]]], dtype=float32), <tvm.nd.NDArray shape=(76, 46, 98), cpu(0)>
array([[[nan, nan, nan, ..., nan, nan, nan],
        [nan, nan, nan, ..., nan, nan, nan],
        [nan, nan, nan, ..., nan, nan, nan],
        ...,
        [nan, nan, nan, ..., nan, nan, nan],
        [nan, nan, nan, ..., nan, nan, nan],
        [nan, nan, nan, ..., nan, nan, nan]],

       [[nan, nan, nan, ..., nan, nan, nan],
        [nan, nan, nan, ..., nan, nan, nan],
        [nan, nan, nan, ..., nan, nan, nan],
        ...,
        [nan, nan, nan, ..., nan, nan, nan],
        [nan, nan, nan, ..., nan, nan, nan],
        [nan, nan, nan, ..., nan, nan, nan]],

       [[nan, nan, nan, ..., nan, nan, nan],
        [nan, nan, nan, ..., nan, nan, nan],
        [nan, nan, nan, ..., nan, nan, nan],
        ...,
        [nan, nan, nan, ..., nan, nan, nan],
        [nan, nan, nan, ..., nan, nan, nan],
        [nan, nan, nan, ..., nan, nan, nan]],

       ...,

       [[nan, nan, nan, ..., nan, nan, nan],
        [nan, nan, nan, ..., nan, nan, nan],
        [nan, nan, nan, ..., nan, nan, nan],
        ...,
        [nan, nan, nan, ..., nan, nan, nan],
        [nan, nan, nan, ..., nan, nan, nan],
        [nan, nan, nan, ..., nan, nan, nan]],

       [[nan, nan, nan, ..., nan, nan, nan],
        [nan, nan, nan, ..., nan, nan, nan],
        [nan, nan, nan, ..., nan, nan, nan],
        ...,
        [nan, nan, nan, ..., nan, nan, nan],
        [nan, nan, nan, ..., nan, nan, nan],
        [nan, nan, nan, ..., nan, nan, nan]],

       [[nan, nan, nan, ..., nan, nan, nan],
        [nan, nan, nan, ..., nan, nan, nan],
        [nan, nan, nan, ..., nan, nan, nan],
        ...,
        [nan, nan, nan, ..., nan, nan, nan],
        [nan, nan, nan, ..., nan, nan, nan],
        [nan, nan, nan, ..., nan, nan, nan]]], dtype=float32), <tvm.nd.NDArray shape=(76, 46, 98), cpu(0)>
array([[[1., 1., 1., ..., 1., 1., 1.],
        [1., 1., 1., ..., 1., 1., 1.],
        [1., 1., 1., ..., 1., 1., 1.],
        ...,
        [1., 1., 1., ..., 1., 1., 1.],
        [1., 1., 1., ..., 1., 1., 1.],
        [1., 1., 1., ..., 1., 1., 1.]],

       [[1., 1., 1., ..., 1., 1., 1.],
        [1., 1., 1., ..., 1., 1., 1.],
        [1., 1., 1., ..., 1., 1., 1.],
        ...,
        [1., 1., 1., ..., 1., 1., 1.],
        [1., 1., 1., ..., 1., 1., 1.],
        [1., 1., 1., ..., 1., 1., 1.]],

       [[1., 1., 1., ..., 1., 1., 1.],
        [1., 1., 1., ..., 1., 1., 1.],
        [1., 1., 1., ..., 1., 1., 1.],
        ...,
        [1., 1., 1., ..., 1., 1., 1.],
        [1., 1., 1., ..., 1., 1., 1.],
        [1., 1., 1., ..., 1., 1., 1.]],

       ...,

       [[1., 1., 1., ..., 1., 1., 1.],
        [1., 1., 1., ..., 1., 1., 1.],
        [1., 1., 1., ..., 1., 1., 1.],
        ...,
        [1., 1., 1., ..., 1., 1., 1.],
        [1., 1., 1., ..., 1., 1., 1.],
        [1., 1., 1., ..., 1., 1., 1.]],

       [[1., 1., 1., ..., 1., 1., 1.],
        [1., 1., 1., ..., 1., 1., 1.],
        [1., 1., 1., ..., 1., 1., 1.],
        ...,
        [1., 1., 1., ..., 1., 1., 1.],
        [1., 1., 1., ..., 1., 1., 1.],
        [1., 1., 1., ..., 1., 1., 1.]],

       [[1., 1., 1., ..., 1., 1., 1.],
        [1., 1., 1., ..., 1., 1., 1.],
        [1., 1., 1., ..., 1., 1., 1.],
        ...,
        [1., 1., 1., ..., 1., 1., 1.],
        [1., 1., 1., ..., 1., 1., 1.],
        [1., 1., 1., ..., 1., 1., 1.]]], dtype=float32), <tvm.nd.NDArray shape=(76, 46, 98), cpu(0)>
array([[[4.4165108e-01, 2.1531284e-02, 2.0163375e-01, ...,
         2.4951735e-01, 5.1681316e-01, 6.1103374e-02],
        [2.5912762e-01, 2.8727829e-01, 1.9889218e-01, ...,
         4.6173504e-01, 1.9471216e-01, 4.1631877e-02],
        [2.6386189e-01, 7.9610336e-01, 5.1612401e-01, ...,
         9.5492560e-01, 3.2148421e-02, 5.8900458e-01],
        ...,
        [3.4727037e-01, 7.4698532e-01, 8.5423303e-01, ...,
         1.6323310e-01, 6.4027548e-01, 4.8801485e-01],
        [3.5716772e-01, 7.2985667e-01, 1.9123733e-02, ...,
         1.8394196e-01, 8.1580162e-02, 5.3494805e-01],
        [2.4839634e-01, 2.4273902e-01, 1.7240727e-01, ...,
         3.6586061e-02, 4.9283329e-01, 2.8190553e-01]],

       [[3.1215897e-01, 6.7911714e-01, 6.6954511e-01, ...,
         4.1429698e-03, 2.2149622e-02, 2.3439199e-01],
        [3.2975352e-01, 7.6050729e-02, 9.0622967e-01, ...,
         6.6751122e-01, 5.2969861e-01, 1.8032348e-01],
        [1.2334141e-01, 1.6795543e-01, 2.8557700e-01, ...,
         1.7337698e-01, 4.5431152e-02, 5.2967340e-01],
        ...,
        [2.7294412e-02, 7.8982115e-04, 5.5768251e-02, ...,
         1.8424967e-01, 1.6612354e-01, 4.8662460e-01],
        [7.7607852e-01, 5.2077949e-02, 3.2676938e-01, ...,
         6.2832505e-02, 2.6630196e-01, 5.5769515e-01],
        [1.9665462e-01, 3.2093585e-01, 1.3068610e-01, ...,
         3.9855522e-01, 5.9904385e-01, 2.8765750e-01]],

       [[2.9915786e-01, 4.9420473e-01, 1.4476578e-01, ...,
         3.8172787e-01, 3.1123167e-01, 2.4912681e-01],
        [3.4796491e-01, 4.8335344e-02, 9.3773484e-02, ...,
         1.5104184e-01, 5.3715849e-01, 7.3511648e-01],
        [6.6433883e-01, 2.4041310e-01, 2.9329595e-01, ...,
         1.2004089e-01, 6.0341614e-01, 5.1965654e-01],
        ...,
        [1.4408401e-01, 1.1998677e-01, 7.6001418e-01, ...,
         5.2919286e-01, 3.7511259e-02, 2.4793983e-02],
        [1.1431527e-01, 6.0510635e-03, 4.3254739e-01, ...,
         6.1531341e-01, 6.6186190e-02, 2.5894833e-01],
        [1.7170957e-01, 1.5304488e-01, 2.4354178e-01, ...,
         5.8457100e-01, 5.8478403e-01, 5.5805075e-01]],

       ...,

       [[1.7882308e-01, 1.8994361e-01, 3.6093655e-01, ...,
         2.6250148e-01, 3.5944194e-01, 7.4642062e-01],
        [2.6577708e-01, 7.8079641e-02, 7.2635984e-01, ...,
         4.4338042e-01, 4.1400355e-01, 3.6835414e-01],
        [4.3127945e-01, 2.8380880e-01, 1.7297819e-01, ...,
         4.2472222e-01, 6.0267675e-01, 5.5052757e-01],
        ...,
        [5.6697094e-01, 1.7729294e-01, 7.2643262e-01, ...,
         1.8009162e-01, 4.1743457e-02, 2.5693995e-01],
        [1.5030611e-01, 3.8858080e-01, 2.6365614e-01, ...,
         8.4742397e-02, 1.6891319e-01, 3.4877771e-01],
        [1.5645027e-03, 4.0325284e-01, 1.7191470e-01, ...,
         1.4212713e-01, 6.5079874e-01, 2.8738692e-02]],

       [[5.4723084e-02, 7.5681186e-01, 2.8195769e-01, ...,
         5.9667397e-01, 8.7020946e-01, 6.2422693e-02],
        [7.1653031e-02, 8.6004609e-01, 1.8139262e-01, ...,
         6.1691678e-01, 7.6675326e-01, 2.6619470e-01],
        [6.5893114e-02, 4.6144199e-01, 8.2684934e-01, ...,
         7.7531403e-01, 1.5306509e-01, 5.3923780e-01],
        ...,
        [4.8584318e-01, 4.6040884e-01, 1.3222766e-01, ...,
         1.9787902e-01, 6.9626176e-01, 5.5814332e-01],
        [1.3037933e-01, 3.8934669e-01, 3.8742560e-01, ...,
         3.0570495e-01, 2.6206172e-01, 6.3417554e-01],
        [5.0544822e-01, 3.2073098e-01, 5.0763971e-01, ...,
         7.2544622e-01, 7.3007256e-02, 1.3153219e-01]],

       [[4.2401248e-01, 4.9806270e-01, 1.5982610e-01, ...,
         3.1251323e-01, 2.6717219e-01, 9.2810094e-02],
        [8.2642531e-01, 3.2623336e-01, 4.0072203e-04, ...,
         2.0080808e-01, 6.1805964e-02, 3.7611604e-01],
        [9.7732842e-02, 2.0296931e-01, 9.8930448e-02, ...,
         1.2843308e-01, 6.5416157e-02, 3.2706776e-01],
        ...,
        [4.1269416e-01, 2.5873241e-01, 1.0951221e-01, ...,
         6.8756938e-01, 7.6137614e-01, 1.9566938e-01],
        [3.7960166e-01, 1.2887463e-01, 2.3604521e-01, ...,
         5.1041305e-02, 3.4561247e-02, 3.5224733e-01],
        [7.5043052e-02, 4.9766898e-01, 4.7684336e-01, ...,
         2.0282924e-02, 6.3486063e-01, 5.0177127e-02]]], dtype=float32)]
